Starting Region 1

First subregion sherman command: 
/data/project/jeewon/research/metheor/metheor_snake_v3/Sherman/Sherman -l 50 -n 3270 --genome_folder /data/project/jeewon/research/metheor/metheor_snake_v3/meth_erosion/Region_Seq/Region1/First/ -o /data/project/jeewon/research/metheor/metheor_snake_v3/meth_erosion/Sherman_result/Region1/First/ -CG 0 -CH 77 -e 1 -q 40

Erosion subregion sherman command: 
/data/project/jeewon/research/metheor/metheor_snake_v3/Sherman/Sherman -l 50 -n 6480 --genome_folder /data/project/jeewon/research/metheor/metheor_snake_v3/meth_erosion/Region_Seq/Region1/Erosion/ -o /data/project/jeewon/research/metheor/metheor_snake_v3/meth_erosion/Sherman_result/Region1/Erosion/ -CG 0 -CH 77 -e 1 -q 40

Second subregion sherman command: 
/data/project/jeewon/research/metheor/metheor_snake_v3/Sherman/Sherman -l 50 -n 8769 --genome_folder /data/project/jeewon/research/metheor/metheor_snake_v3/meth_erosion/Region_Seq/Region1/Second/ -o /data/project/jeewon/research/metheor/metheor_snake_v3/meth_erosion/Sherman_result/Region1/Second/ -CG 0 -CH 77 -e 1 -q 40

Concatenating Sherman results from erosion subregion for 2 times...
cat /data/project/jeewon/research/metheor/metheor_snake_v3/meth_erosion/Sherman_result/Region1/Erosion/simulated.fastq >> /data/project/jeewon/research/metheor/metheor_snake_v3/meth_erosion/Sherman_result/Region1/Erosion/erosion_repl.fastq

------------------------------------------------------------------
Merging all Sherman results from this region into merged fastq file...
cat /data/project/jeewon/research/metheor/metheor_snake_v3/meth_erosion/Sherman_result/Region1/First/simulated.fastq >> /data/project/jeewon/research/metheor/metheor_snake_v3/meth_erosion/Sherman_result/Region1/merged.fastq
cat /data/project/jeewon/research/metheor/metheor_snake_v3/meth_erosion/Sherman_result/Region1/Erosion/erosion_repl.fastq >> /data/project/jeewon/research/metheor/metheor_snake_v3/meth_erosion/Sherman_result/Region1/merged.fastq
cat /data/project/jeewon/research/metheor/metheor_snake_v3/meth_erosion/Sherman_result/Region1/Second/simulated.fastq >> /data/project/jeewon/research/metheor/metheor_snake_v3/meth_erosion/Sherman_result/Region1/merged.fastq

-----------------------------------------------------
Merging all sherman results from all regions into merged fastq file...
cat /data/project/jeewon/research/metheor/metheor_snake_v3/meth_erosion/Sherman_result/Region1/First/simulated.fastq >> /data/project/jeewon/research/metheor/metheor_snake_v3/meth_erosion/All_Merged/merged.fastq
cat /data/project/jeewon/research/metheor/metheor_snake_v3/meth_erosion/Sherman_result/Region1/Erosion/erosion_repl.fastq >> /data/project/jeewon/research/metheor/metheor_snake_v3/meth_erosion/All_Merged/merged.fastq
cat /data/project/jeewon/research/metheor/metheor_snake_v3/meth_erosion/Sherman_result/Region1/Second/simulated.fastq >> /data/project/jeewon/research/metheor/metheor_snake_v3/meth_erosion/All_Merged/merged.fastq

Total number of simulated reads(50bp length) from Region 1: 24999

=================================================
Starting Region 2

First subregion sherman command: 
/data/project/jeewon/research/metheor/metheor_snake_v3/Sherman/Sherman -l 50 -n 22978 --genome_folder /data/project/jeewon/research/metheor/metheor_snake_v3/meth_erosion/Region_Seq/Region2/First/ -o /data/project/jeewon/research/metheor/metheor_snake_v3/meth_erosion/Sherman_result/Region2/First/ -CG 0 -CH 77 -e 1 -q 40

Erosion subregion sherman command: 
/data/project/jeewon/research/metheor/metheor_snake_v3/Sherman/Sherman -l 50 -n 69 --genome_folder /data/project/jeewon/research/metheor/metheor_snake_v3/meth_erosion/Region_Seq/Region2/Erosion/ -o /data/project/jeewon/research/metheor/metheor_snake_v3/meth_erosion/Sherman_result/Region2/Erosion/ -CG 88 -CH 77 -e 1 -q 40

Second subregion sherman command: 
/data/project/jeewon/research/metheor/metheor_snake_v3/Sherman/Sherman -l 50 -n 1332 --genome_folder /data/project/jeewon/research/metheor/metheor_snake_v3/meth_erosion/Region_Seq/Region2/Second/ -o /data/project/jeewon/research/metheor/metheor_snake_v3/meth_erosion/Sherman_result/Region2/Second/ -CG 0 -CH 77 -e 1 -q 40

Concatenating Sherman results from erosion subregion for 10 times...
cat /data/project/jeewon/research/metheor/metheor_snake_v3/meth_erosion/Sherman_result/Region2/Erosion/simulated.fastq >> /data/project/jeewon/research/metheor/metheor_snake_v3/meth_erosion/Sherman_result/Region2/Erosion/erosion_repl.fastq

------------------------------------------------------------------
Merging all Sherman results from this region into merged fastq file...
cat /data/project/jeewon/research/metheor/metheor_snake_v3/meth_erosion/Sherman_result/Region2/First/simulated.fastq >> /data/project/jeewon/research/metheor/metheor_snake_v3/meth_erosion/Sherman_result/Region2/merged.fastq
cat /data/project/jeewon/research/metheor/metheor_snake_v3/meth_erosion/Sherman_result/Region2/Erosion/erosion_repl.fastq >> /data/project/jeewon/research/metheor/metheor_snake_v3/meth_erosion/Sherman_result/Region2/merged.fastq
cat /data/project/jeewon/research/metheor/metheor_snake_v3/meth_erosion/Sherman_result/Region2/Second/simulated.fastq >> /data/project/jeewon/research/metheor/metheor_snake_v3/meth_erosion/Sherman_result/Region2/merged.fastq

-----------------------------------------------------
Merging all sherman results from all regions into merged fastq file...
cat /data/project/jeewon/research/metheor/metheor_snake_v3/meth_erosion/Sherman_result/Region2/First/simulated.fastq >> /data/project/jeewon/research/metheor/metheor_snake_v3/meth_erosion/All_Merged/merged.fastq
cat /data/project/jeewon/research/metheor/metheor_snake_v3/meth_erosion/Sherman_result/Region2/Erosion/erosion_repl.fastq >> /data/project/jeewon/research/metheor/metheor_snake_v3/meth_erosion/All_Merged/merged.fastq
cat /data/project/jeewon/research/metheor/metheor_snake_v3/meth_erosion/Sherman_result/Region2/Second/simulated.fastq >> /data/project/jeewon/research/metheor/metheor_snake_v3/meth_erosion/All_Merged/merged.fastq

Total number of simulated reads(50bp length) from Region 2: 25000

=================================================
Starting Region 3

First subregion sherman command: 
/data/project/jeewon/research/metheor/metheor_snake_v3/Sherman/Sherman -l 50 -n 10058 --genome_folder /data/project/jeewon/research/metheor/metheor_snake_v3/meth_erosion/Region_Seq/Region3/First/ -o /data/project/jeewon/research/metheor/metheor_snake_v3/meth_erosion/Sherman_result/Region3/First/ -CG 0 -CH 77 -e 1 -q 40

Erosion subregion sherman command: 
/data/project/jeewon/research/metheor/metheor_snake_v3/Sherman/Sherman -l 50 -n 1512 --genome_folder /data/project/jeewon/research/metheor/metheor_snake_v3/meth_erosion/Region_Seq/Region3/Erosion/ -o /data/project/jeewon/research/metheor/metheor_snake_v3/meth_erosion/Sherman_result/Region3/Erosion/ -CG 82 -CH 77 -e 1 -q 40

Second subregion sherman command: 
/data/project/jeewon/research/metheor/metheor_snake_v3/Sherman/Sherman -l 50 -n 2848 --genome_folder /data/project/jeewon/research/metheor/metheor_snake_v3/meth_erosion/Region_Seq/Region3/Second/ -o /data/project/jeewon/research/metheor/metheor_snake_v3/meth_erosion/Sherman_result/Region3/Second/ -CG 0 -CH 77 -e 1 -q 40

Concatenating Sherman results from erosion subregion for 8 times...
cat /data/project/jeewon/research/metheor/metheor_snake_v3/meth_erosion/Sherman_result/Region3/Erosion/simulated.fastq >> /data/project/jeewon/research/metheor/metheor_snake_v3/meth_erosion/Sherman_result/Region3/Erosion/erosion_repl.fastq

------------------------------------------------------------------
Merging all Sherman results from this region into merged fastq file...
cat /data/project/jeewon/research/metheor/metheor_snake_v3/meth_erosion/Sherman_result/Region3/First/simulated.fastq >> /data/project/jeewon/research/metheor/metheor_snake_v3/meth_erosion/Sherman_result/Region3/merged.fastq
cat /data/project/jeewon/research/metheor/metheor_snake_v3/meth_erosion/Sherman_result/Region3/Erosion/erosion_repl.fastq >> /data/project/jeewon/research/metheor/metheor_snake_v3/meth_erosion/Sherman_result/Region3/merged.fastq
cat /data/project/jeewon/research/metheor/metheor_snake_v3/meth_erosion/Sherman_result/Region3/Second/simulated.fastq >> /data/project/jeewon/research/metheor/metheor_snake_v3/meth_erosion/Sherman_result/Region3/merged.fastq

-----------------------------------------------------
Merging all sherman results from all regions into merged fastq file...
cat /data/project/jeewon/research/metheor/metheor_snake_v3/meth_erosion/Sherman_result/Region3/First/simulated.fastq >> /data/project/jeewon/research/metheor/metheor_snake_v3/meth_erosion/All_Merged/merged.fastq
cat /data/project/jeewon/research/metheor/metheor_snake_v3/meth_erosion/Sherman_result/Region3/Erosion/erosion_repl.fastq >> /data/project/jeewon/research/metheor/metheor_snake_v3/meth_erosion/All_Merged/merged.fastq
cat /data/project/jeewon/research/metheor/metheor_snake_v3/meth_erosion/Sherman_result/Region3/Second/simulated.fastq >> /data/project/jeewon/research/metheor/metheor_snake_v3/meth_erosion/All_Merged/merged.fastq

Total number of simulated reads(50bp length) from Region 3: 25002

=================================================
